<?xml version="1.0" encoding="UTF-8"?>
<testng-results skipped="0" failed="0" ignored="0" total="1" passed="1">
  <reporter-output>
  </reporter-output>
  <suite name="Default suite" duration-ms="16702" started-at="2021-06-29T20:00:54 IST" finished-at="2021-06-29T20:01:10 IST">
    <groups>
    </groups>
    <test name="Default test" duration-ms="16702" started-at="2021-06-29T20:00:54 IST" finished-at="2021-06-29T20:01:10 IST">
      <class name="com.demo.selenium.CheckBoxSeleniumDemo">
        <test-method status="PASS" signature="verifyCheckBox()[pri:0, instance:com.demo.selenium.CheckBoxSeleniumDemo@394e1a0f]" name="verifyCheckBox" duration-ms="16651" started-at="2021-06-29T20:00:54 IST" finished-at="2021-06-29T20:01:10 IST">
          <reporter-output>
          </reporter-output>
        </test-method> <!-- verifyCheckBox -->
      </class> <!-- com.demo.selenium.CheckBoxSeleniumDemo -->
    </test> <!-- Default test -->
  </suite> <!-- Default suite -->
</testng-results>
